#
# A fatal error has been detected by the Java Runtime Environment:
#
#  Internal Error (javaClasses.cpp:136), pid=1640, tid=9984
#  fatal error: Invalid layout of preloaded class
#
# JRE version:  (7.0_79-b15) (build )
# Java VM: Java HotSpot(TM) 64-Bit Server VM (24.79-b02 mixed mode windows-amd64 compressed oops)
# Failed to write core dump. Minidumps are not enabled by default on client versions of Windows
#
# If you would like to submit a bug report, please visit:
#   http://bugreport.java.com/bugreport/crash.jsp
#

---------------  T H R E A D  ---------------

Current thread (0x0000000002af0800):  JavaThread "Unknown thread" [_thread_in_vm, id=9984, stack(0x00000000029f0000,0x0000000002af0000)]

Stack: [0x00000000029f0000,0x0000000002af0000]
[error occurred during error reporting (printing stack bounds), id 0xc0000005]


---------------  P R O C E S S  ---------------

Java Threads: ( => current thread )

Other Threads:

=>0x0000000002af0800 (exited) JavaThread "Unknown thread" [_thread_in_vm, id=9984, stack(0x00000000029f0000,0x0000000002af0000)]

VM state:not at safepoint (not fully initialized)

VM Mutex/Monitor currently owned by a thread: None

GC Heap History (0 events):
No events

Deoptimization events (0 events):
No events

Internal exceptions (0 events):
No events

Events (10 events):
Event: 0.012 loading class 0x0000000002b37b30 done
Event: 0.013 loading class 0x0000000002b37530 done
Event: 0.013 loading class 0x0000000002b37510
Event: 0.013 loading class 0x0000000002b3f6c0
Event: 0.013 loading class 0x0000000002b3f6c0 done
Event: 0.013 loading class 0x0000000002b3f6f0
Event: 0.013 loading class 0x0000000002b3f6f0 done
Event: 0.013 loading class 0x0000000002b3f720
Event: 0.013 loading class 0x0000000002b3f720 done
Event: 0.013 loading class 0x0000000002b37510 done


Dynamic libraries:
0x00007ff7dfbd0000 - 0x00007ff7dfc03000 	C:\Program Files\Java\jre7\bin\javaw.exe
0x00007ffe6a610000 - 0x00007ffe6a7d1000 	C:\Windows\SYSTEM32\ntdll.dll
0x00007ffe69f10000 - 0x00007ffe69fbd000 	C:\Windows\system32\KERNEL32.DLL
0x00007ffe67b00000 - 0x00007ffe67cdd000 	C:\Windows\system32\KERNELBASE.dll
0x00007ffe69d30000 - 0x00007ffe69dd6000 	C:\Windows\system32\ADVAPI32.dll
0x00007ffe67da0000 - 0x00007ffe67e3d000 	C:\Windows\system32\msvcrt.dll
0x00007ffe67e50000 - 0x00007ffe67eab000 	C:\Windows\system32\sechost.dll
0x00007ffe69de0000 - 0x00007ffe69f06000 	C:\Windows\system32\RPCRT4.dll
0x00007ffe6a4c0000 - 0x00007ffe6a60e000 	C:\Windows\system32\USER32.dll
0x00007ffe6a0b0000 - 0x00007ffe6a236000 	C:\Windows\system32\GDI32.dll
0x00007ffe62630000 - 0x00007ffe628a4000 	C:\Windows\WinSxS\amd64_microsoft.windows.common-controls_6595b64144ccf1df_6.0.10240.16384_none_f41f7b285750ef43\COMCTL32.dll
0x00007ffe69fc0000 - 0x00007ffe69ff6000 	C:\Windows\system32\IMM32.DLL
0x00007ffe67eb0000 - 0x00007ffe6800c000 	C:\Windows\system32\MSCTF.dll
0x0000000057930000 - 0x0000000057a02000 	C:\Program Files\Java\jre7\bin\msvcr100.dll
0x0000000057150000 - 0x0000000057925000 	C:\Program Files\Java\jre7\bin\server\jvm.dll
0x00007ffe69bd0000 - 0x00007ffe69bd8000 	C:\Windows\system32\PSAPI.DLL
0x00007ffe65190000 - 0x00007ffe651b3000 	C:\Windows\SYSTEM32\WINMM.dll
0x00007ffe5c270000 - 0x00007ffe5c279000 	C:\Windows\SYSTEM32\WSOCK32.dll
0x00007ffe69cc0000 - 0x00007ffe69d29000 	C:\Windows\system32\WS2_32.dll
0x00007ffe65050000 - 0x00007ffe6507c000 	C:\Windows\SYSTEM32\WINMMBASE.dll
0x00007ffe67e40000 - 0x00007ffe67e48000 	C:\Windows\system32\NSI.dll
0x00007ffe67940000 - 0x00007ffe67984000 	C:\Windows\system32\cfgmgr32.dll
0x00007ffe659b0000 - 0x00007ffe659d7000 	C:\Windows\SYSTEM32\DEVOBJ.dll
0x0000000057140000 - 0x000000005714f000 	C:\Program Files\Java\jre7\bin\verify.dll
0x0000000057110000 - 0x0000000057138000 	C:\Program Files\Java\jre7\bin\java.dll
0x00000000570f0000 - 0x0000000057105000 	C:\Program Files\Java\jre7\bin\zip.dll

VM Arguments:
jvm_args: -Dfile.encoding=GBK -Xbootclasspath:D:\l\Android\sdk\platforms\android-23\android.jar 
java_command: org.eclipse.jdt.internal.junit.runner.RemoteTestRunner -version 3 -port 7249 -testLoaderClass org.eclipse.jdt.internal.junit4.runner.JUnit4TestLoader -loaderpluginname org.eclipse.jdt.junit4.runtime -test test.a:test
Launcher Type: SUN_STANDARD

Environment Variables:
JAVA_HOME=G:\sdk\Java\jdk1.7.0_79
CLASSPATH=.;G:\sdk\Java\jdk1.7.0_79\lib;G:\sdk\Java\jdk1.7.0_79\lib\dt.jar;G:\sdk\Java\jdk1.7.0_79\lib\tools.jar
PATH=C:\Windows\system32;C:\Windows;C:\Windows\System32\Wbem;C:\Windows\System32\WindowsPowerShell\v1.0\;C:\Program Files (x86)\NVIDIA Corporation\PhysX\Common;C:\Program Files\Intel\WiFi\bin\;C:\Program Files\Common Files\Intel\WirelessCommon\;C:\Program Files (x86)\Skype\Phone\;G:\software\Git\cmd;C:\Program Files\Intel\WiFi\bin\;C:\Program Files\Common Files\Intel\WirelessCommon\;D:\Program Files (x86)\HMA! Pro VPN\bin;G:\sdk\Java\jdk1.7.0_79\bin;G:\sdk\Java\jdk1.7.0_79\jre\bin;C:\Program Files\MySQL\MySQL Server 5.7\bin;G:\software\apache-tomcat-7.0.68\lib;G:\software\apache-tomcat-7.0.68\bin
USERNAME=Administrator
OS=Windows_NT
PROCESSOR_IDENTIFIER=Intel64 Family 6 Model 58 Stepping 9, GenuineIntel



---------------  S Y S T E M  ---------------

OS: Windows 8.1 , 64 bit Build 9600 

CPU:total 4 (4 cores per cpu, 1 threads per core) family 6 model 58 stepping 9, cmov, cx8, fxsr, mmx, sse, sse2, sse3, ssse3, sse4.1, sse4.2, popcnt, avx, aes, erms, tsc, tscinvbit, tscinv

Memory: 4k page, physical 16733704k(9564128k free), swap 19093000k(4620580k free)

vm_info: Java HotSpot(TM) 64-Bit Server VM (24.79-b02) for windows-amd64 JRE (1.7.0_79-b15), built on Apr 10 2015 12:36:16 by "java_re" with unknown MS VC++:1600

time: Mon May 23 19:21:16 2016
elapsed time: 0 seconds

